{"/Users/beatrizferreiradossantos/Desktop/toDoList/backend/src/connection/connect.ts": {"path":"/Users/beatrizferreiradossantos/Desktop/toDoList/backend/src/connection/connect.ts","statementMap":{"0":{"start":{"line":1,"column":0},"end":{"line":1,"column":38}},"1":{"start":{"line":4,"column":13},"end":{"line":11,"column":3}}},"fnMap":{},"branchMap":{},"s":{"0":1,"1":1},"f":{},"b":{}}
,"/Users/beatrizferreiradossantos/Desktop/toDoList/backend/src/models/tarefas.model.ts": {"path":"/Users/beatrizferreiradossantos/Desktop/toDoList/backend/src/models/tarefas.model.ts","statementMap":{"0":{"start":{"line":1,"column":0},"end":{"line":1,"column":38}},"1":{"start":{"line":2,"column":0},"end":{"line":2,"column":43}},"2":{"start":{"line":4,"column":13},"end":{"line":17,"column":3}}},"fnMap":{},"branchMap":{},"s":{"0":1,"1":1,"2":1},"f":{},"b":{}}
,"/Users/beatrizferreiradossantos/Desktop/toDoList/backend/src/services/criandoTarefas.service.ts": {"path":"/Users/beatrizferreiradossantos/Desktop/toDoList/backend/src/services/criandoTarefas.service.ts","statementMap":{"0":{"start":{"line":1,"column":0},"end":{"line":1,"column":55}},"1":{"start":{"line":2,"column":0},"end":{"line":2,"column":34}},"2":{"start":{"line":3,"column":0},"end":{"line":3,"column":43}},"3":{"start":{"line":12,"column":7},"end":{"line":19,"column":null}},"4":{"start":{"line":13,"column":9},"end":{"line":13,"column":22}},"5":{"start":{"line":14,"column":9},"end":{"line":14,"column":25}},"6":{"start":{"line":15,"column":24},"end":{"line":15,"column":81}},"7":{"start":{"line":16,"column":9},"end":{"line":16,"column":23}},"8":{"start":{"line":18,"column":9},"end":{"line":18,"column":30}},"9":{"start":{"line":10,"column":0},"end":{"line":10,"column":13}}},"fnMap":{"0":{"name":"(anonymous_0)","decl":{"start":{"line":11,"column":4},"end":{"line":11,"column":9}},"loc":{"start":{"line":11,"column":61},"end":{"line":20,"column":5}}}},"branchMap":{},"s":{"0":1,"1":1,"2":1,"3":1,"4":1,"5":1,"6":1,"7":1,"8":0,"9":1},"f":{"0":1},"b":{}}
}
